{
  "RSpec": {
    "coverage": {
      "/root/Desktop/rubyhw/RoutePlanner/require_app.rb": {
        "lines": [
          null,
          null,
          null,
          1,
          5,
          1,
          null,
          1,
          28,
          null,
          null
        ]
      },
      "/root/Desktop/rubyhw/RoutePlanner/config/environment.rb": {
        "lines": [
          null,
          null,
          1,
          1,
          1,
          1,
          1,
          null,
          1,
          null,
          1,
          1,
          null,
          null,
          1,
          null,
          null,
          null,
          1,
          1,
          null,
          1,
          null,
          1,
          null,
          1,
          null,
          null,
          1,
          1,
          null,
          null
        ]
      },
      "/root/Desktop/rubyhw/RoutePlanner/app/domain/StressIndex/entities/Online.rb": {
        "lines": [
          null,
          null,
          1,
          1,
          null,
          1,
          1,
          null,
          1,
          1,
          null,
          1,
          1,
          1,
          1,
          1,
          1,
          null,
          1,
          10,
          null,
          null,
          null,
          null
        ]
      },
      "/root/Desktop/rubyhw/RoutePlanner/app/domain/StressIndex/entities/Physical.rb": {
        "lines": [
          null,
          null,
          1,
          1,
          null,
          1,
          1,
          null,
          1,
          1,
          null,
          1,
          1,
          1,
          1,
          1,
          1,
          1,
          1,
          null,
          null,
          1,
          5,
          null,
          null,
          null,
          null
        ]
      },
      "/root/Desktop/rubyhw/RoutePlanner/app/domain/StressIndex/entities/Routeplanner.rb": {
        "lines": [
          null,
          null,
          1,
          1,
          null,
          1,
          1,
          null,
          1,
          1,
          null,
          1,
          1,
          1,
          1,
          null,
          1,
          0,
          null,
          null,
          null,
          null
        ]
      },
      "/root/Desktop/rubyhw/RoutePlanner/app/infrastructure/database/orm/neverland_orm.rb": {
        "lines": [
          null,
          null,
          1,
          null,
          1,
          1,
          null,
          1,
          1,
          null,
          null,
          1,
          null,
          null,
          null
        ]
      },
      "/root/Desktop/rubyhw/RoutePlanner/app/infrastructure/database/orm/online_orm.rb": {
        "lines": [
          null,
          null,
          1,
          null,
          1,
          1,
          null,
          1,
          1,
          null,
          null,
          null,
          null,
          1,
          null,
          null,
          null
        ]
      },
      "/root/Desktop/rubyhw/RoutePlanner/app/infrastructure/database/orm/physical_orm.rb": {
        "lines": [
          null,
          null,
          1,
          null,
          1,
          1,
          null,
          1,
          1,
          null,
          null,
          null,
          null,
          null,
          1,
          null,
          null,
          null
        ]
      },
      "/root/Desktop/rubyhw/RoutePlanner/app/infrastructure/database/orm/prerequisites_orm.rb": {
        "lines": [
          null,
          null,
          1,
          null,
          1,
          1,
          null,
          1,
          null,
          null,
          null,
          1,
          null,
          null,
          null
        ]
      },
      "/root/Desktop/rubyhw/RoutePlanner/app/infrastructure/database/orm/routeplanner_orm.rb": {
        "lines": [
          null,
          null,
          1,
          null,
          1,
          1,
          null,
          1,
          1,
          null,
          null,
          1,
          0,
          null,
          0,
          null,
          0,
          null,
          null,
          null,
          1,
          null,
          null,
          null
        ]
      },
      "/root/Desktop/rubyhw/RoutePlanner/app/infrastructure/database/repositories/for.rb": {
        "lines": [
          null,
          null,
          1,
          1,
          1,
          1,
          null,
          1,
          null,
          1,
          null,
          null,
          null,
          1,
          5,
          null,
          null,
          1,
          25,
          null,
          null,
          null,
          null
        ]
      },
      "/root/Desktop/rubyhw/RoutePlanner/app/infrastructure/database/repositories/onlines.rb": {
        "lines": [
          null,
          null,
          1,
          1,
          null,
          1,
          1,
          0,
          null,
          null,
          1,
          15,
          null,
          null,
          1,
          0,
          0,
          null,
          null,
          null,
          1,
          0,
          0,
          null,
          null,
          1,
          0,
          0,
          null,
          null,
          1,
          20,
          20,
          null,
          null,
          1,
          10,
          null,
          10,
          10,
          null,
          null,
          1,
          null,
          0,
          null,
          null,
          null,
          null,
          null,
          null,
          null,
          null,
          0,
          null,
          null,
          null,
          null,
          null,
          null,
          1,
          30,
          null,
          15,
          null,
          null,
          null,
          null,
          null,
          null,
          null,
          null,
          null,
          1,
          0,
          null,
          null,
          null,
          null
        ]
      },
      "/root/Desktop/rubyhw/RoutePlanner/app/infrastructure/database/repositories/physicals.rb": {
        "lines": [
          null,
          null,
          1,
          1,
          null,
          1,
          1,
          0,
          null,
          null,
          1,
          10,
          null,
          null,
          1,
          0,
          0,
          null,
          null,
          null,
          1,
          10,
          10,
          null,
          null,
          1,
          5,
          null,
          5,
          5,
          null,
          null,
          1,
          15,
          null,
          10,
          null,
          null,
          null,
          null,
          null,
          null,
          null,
          null,
          null,
          null,
          null,
          1,
          0,
          null,
          null,
          null,
          null
        ]
      },
      "/root/Desktop/rubyhw/RoutePlanner/app/infrastructure/nthusa/gateways/nthusa_api.rb": {
        "lines": [
          null,
          null,
          1,
          1,
          null,
          1,
          null,
          1,
          null,
          1,
          1,
          5,
          null,
          null,
          null,
          1,
          1,
          1,
          null,
          1,
          5,
          null,
          null,
          1,
          null,
          5,
          5,
          5,
          null,
          null,
          null,
          null,
          null,
          null,
          1,
          1,
          null,
          1,
          null,
          null,
          1,
          5,
          null,
          null,
          1,
          0,
          null,
          null,
          null,
          null,
          null
        ]
      },
      "/root/Desktop/rubyhw/RoutePlanner/app/infrastructure/nthusa/mappers/physical_recommend_mapper.rb": {
        "lines": [
          null,
          null,
          1,
          1,
          1,
          1,
          4,
          4,
          null,
          null,
          1,
          0,
          0,
          null,
          null,
          null,
          1,
          4,
          4,
          null,
          4,
          null,
          null,
          1,
          null,
          1,
          4,
          null,
          null,
          1,
          24,
          null,
          null,
          null,
          1,
          1,
          20,
          20,
          20,
          null,
          null,
          1,
          20,
          null,
          null,
          null,
          null,
          null,
          null,
          null,
          null,
          null,
          null,
          null,
          1,
          null,
          1,
          20,
          null,
          null,
          1,
          20,
          null,
          null,
          1,
          20,
          null,
          null,
          1,
          20,
          null,
          null,
          1,
          20,
          null,
          null,
          1,
          0,
          null,
          null,
          1,
          20,
          null,
          null,
          null,
          null,
          null
        ]
      },
      "/root/Desktop/rubyhw/RoutePlanner/app/infrastructure/youtube/gateways/youtube_api.rb": {
        "lines": [
          null,
          null,
          1,
          1,
          null,
          1,
          null,
          1,
          null,
          1,
          1,
          7,
          null,
          null,
          1,
          7,
          null,
          null,
          1,
          0,
          null,
          null,
          null,
          1,
          1,
          1,
          1,
          7,
          null,
          null,
          1,
          7,
          7,
          null,
          null,
          1,
          0,
          null,
          null,
          1,
          null,
          7,
          7,
          7,
          null,
          null,
          null,
          null,
          null,
          null,
          1,
          1,
          null,
          1,
          null,
          null,
          1,
          7,
          null,
          null,
          1,
          0,
          null,
          null,
          null,
          null,
          null
        ]
      },
      "/root/Desktop/rubyhw/RoutePlanner/app/infrastructure/youtube/mappers/video_mapper.rb": {
        "lines": [
          null,
          null,
          1,
          1,
          1,
          1,
          0,
          0,
          0,
          null,
          null,
          1,
          0,
          0,
          null,
          null,
          1,
          0,
          null,
          null,
          null,
          1,
          1,
          0,
          null,
          null,
          1,
          null,
          null,
          null,
          null,
          0,
          null,
          null,
          null,
          null,
          null,
          null,
          null,
          null,
          null,
          1,
          null,
          1,
          0,
          null,
          null,
          1,
          0,
          null,
          null,
          1,
          0,
          null,
          null,
          1,
          0,
          null,
          null,
          1,
          0,
          null,
          null,
          null,
          null,
          null
        ]
      },
      "/root/Desktop/rubyhw/RoutePlanner/app/infrastructure/youtube/mappers/video_recommend_mapper.rb": {
        "lines": [
          null,
          null,
          1,
          1,
          1,
          1,
          6,
          6,
          6,
          null,
          null,
          1,
          0,
          0,
          null,
          null,
          null,
          1,
          6,
          6,
          null,
          6,
          6,
          null,
          6,
          null,
          null,
          1,
          null,
          1,
          6,
          6,
          null,
          null,
          1,
          36,
          null,
          null,
          1,
          36,
          null,
          null,
          null,
          1,
          1,
          30,
          30,
          30,
          null,
          null,
          1,
          30,
          null,
          null,
          null,
          null,
          null,
          null,
          null,
          null,
          null,
          1,
          null,
          1,
          30,
          null,
          null,
          1,
          30,
          null,
          null,
          1,
          30,
          null,
          null,
          1,
          30,
          null,
          null,
          null,
          null,
          null
        ]
      },
      "/root/Desktop/rubyhw/RoutePlanner/app/presentation/view_objects/online_resources.rb": {
        "lines": [
          null,
          null,
          1,
          null,
          1,
          1,
          0,
          0,
          null,
          null,
          1,
          0,
          null,
          null,
          1,
          0,
          null,
          null,
          1,
          0,
          null,
          null,
          1,
          0,
          null,
          null,
          1,
          0,
          null,
          null,
          1,
          0,
          null,
          null,
          1,
          0,
          null,
          null,
          null
        ]
      },
      "/root/Desktop/rubyhw/RoutePlanner/app/presentation/view_objects/online_resources_list.rb": {
        "lines": [
          null,
          null,
          1,
          null,
          1,
          null,
          1,
          1,
          0,
          null,
          null,
          1,
          0,
          0,
          null,
          null,
          null,
          1,
          0,
          null,
          null,
          null
        ]
      },
      "/root/Desktop/rubyhw/RoutePlanner/app/presentation/view_objects/roadmap.rb": {
        "lines": [
          null,
          null,
          1,
          null,
          1,
          1,
          0,
          0,
          null,
          null,
          1,
          0,
          null,
          null,
          1,
          0,
          null,
          null,
          1,
          0,
          null,
          null,
          1,
          0,
          null,
          null,
          1,
          0,
          null,
          null,
          1,
          0,
          null,
          null,
          1,
          0,
          null,
          null,
          null
        ]
      },
      "/root/Desktop/rubyhw/RoutePlanner/app/presentation/view_objects/roadmaps_list.rb": {
        "lines": [
          null,
          null,
          1,
          null,
          1,
          null,
          1,
          1,
          0,
          null,
          null,
          1,
          0,
          0,
          null,
          null,
          null,
          1,
          0,
          null,
          null,
          null
        ]
      },
      "/root/Desktop/rubyhw/RoutePlanner/app/presentation/view_objects/timestamp.rb": {
        "lines": [
          null,
          null,
          1,
          null,
          1,
          1,
          0,
          null,
          null,
          1,
          null,
          null,
          0,
          null,
          null,
          0,
          null,
          0,
          null,
          null,
          null,
          0,
          null,
          null,
          null,
          null
        ]
      },
      "/root/Desktop/rubyhw/RoutePlanner/app/application/controllers/app.rb": {
        "lines": [
          null,
          null,
          1,
          1,
          1,
          1,
          1,
          null,
          1,
          1,
          null,
          null,
          1,
          1,
          1,
          1,
          1,
          1,
          null,
          1,
          null,
          1,
          1,
          1,
          null,
          1,
          0,
          0,
          0,
          null,
          0,
          null,
          0,
          0,
          null,
          0,
          0,
          0,
          null,
          0,
          0,
          0,
          0,
          null,
          0,
          null,
          0,
          0,
          null,
          0,
          0,
          0,
          0,
          0,
          null,
          0,
          0,
          null,
          null,
          null,
          null,
          0,
          null,
          0,
          0,
          0,
          0,
          0,
          null,
          0,
          0,
          null,
          null,
          null,
          null,
          null,
          0,
          0,
          0,
          null,
          null,
          null,
          0,
          0,
          null,
          0,
          0,
          null,
          0,
          0,
          null,
          0,
          0,
          0,
          null,
          null,
          null,
          null,
          null,
          null,
          null,
          null,
          null,
          null,
          null,
          null,
          null,
          null,
          null,
          null,
          null,
          null,
          null,
          null,
          null,
          null
        ]
      },
      "/root/Desktop/rubyhw/RoutePlanner/app/application/forms/new_search.rb": {
        "lines": [
          null,
          null,
          1,
          null,
          1,
          1,
          null,
          1,
          1,
          1,
          null,
          1,
          1,
          null,
          null,
          1,
          0,
          null,
          null,
          null,
          null
        ]
      },
      "/root/Desktop/rubyhw/RoutePlanner/app/application/services/add_online_resource.rb": {
        "lines": [
          null,
          null,
          1,
          null,
          1,
          1,
          null,
          1,
          1,
          1,
          1,
          null,
          1,
          1,
          1,
          5,
          null,
          5,
          null,
          1,
          null,
          0,
          0,
          null,
          null,
          1,
          1,
          null,
          0,
          0,
          null,
          null,
          1,
          5,
          null,
          0,
          0,
          null,
          null,
          1,
          5,
          null,
          0,
          0,
          null,
          null,
          null,
          null
        ]
      },
      "/root/Desktop/rubyhw/RoutePlanner/app/application/services/add_physical_resource.rb": {
        "lines": [
          null,
          null,
          1,
          1,
          null,
          1,
          1,
          null,
          1,
          1,
          1,
          1,
          null,
          1,
          1,
          null,
          1,
          null,
          null,
          1,
          1,
          0,
          0,
          0,
          0,
          null,
          0,
          null,
          0,
          null,
          0,
          0,
          null,
          null,
          1,
          0,
          0,
          0,
          null,
          0,
          null,
          0,
          0,
          null,
          null,
          null,
          null,
          1,
          0,
          null,
          0,
          0,
          null,
          null,
          1,
          0,
          null,
          null,
          null,
          null
        ]
      },
      "/root/Desktop/rubyhw/RoutePlanner/app/application/services/fetch_viewed_roadmaps.rb": {
        "lines": [
          null,
          null,
          1,
          null,
          1,
          1,
          null,
          1,
          1,
          null,
          1,
          0,
          null,
          0,
          null,
          0,
          0,
          null,
          null,
          null,
          null
        ]
      },
      "/root/Desktop/rubyhw/RoutePlanner/app/application/services/search_service.rb": {
        "lines": [
          null,
          null,
          1,
          1,
          1,
          1,
          1,
          1,
          null,
          1,
          0,
          null,
          null,
          null,
          null,
          0,
          0,
          null,
          null,
          0,
          null,
          0,
          null,
          null,
          null,
          null
        ]
      },
      "/root/Desktop/rubyhw/RoutePlanner/spec/helpers/vcr_helper.rb": {
        "lines": [
          null,
          null,
          1,
          1,
          null,
          null,
          1,
          1,
          1,
          1,
          null,
          1,
          3,
          3,
          3,
          null,
          null,
          null,
          1,
          5,
          551,
          551,
          null,
          null,
          5,
          null,
          null,
          null,
          null,
          null,
          null,
          1,
          4,
          null,
          null,
          null,
          null,
          null,
          null,
          1,
          9,
          null,
          null
        ]
      },
      "/root/Desktop/rubyhw/RoutePlanner/spec/helpers/database_helper.rb": {
        "lines": [
          null,
          null,
          1,
          1,
          null,
          3,
          3,
          3,
          3,
          null,
          null
        ]
      },
      "/root/Desktop/rubyhw/RoutePlanner/spec/tests/integration/services/add_online_resource_spec.rb": {
        "lines": [
          null,
          null,
          1,
          1,
          1,
          null,
          1,
          1,
          null,
          1,
          1,
          null,
          null,
          1,
          1,
          null,
          null,
          1,
          1,
          1,
          null,
          null,
          1,
          null,
          1,
          null,
          null,
          1,
          null,
          1,
          null,
          null,
          1,
          1,
          5,
          5,
          5,
          5,
          5,
          null,
          null,
          null,
          null
        ]
      },
      "/root/Desktop/rubyhw/RoutePlanner/spec/tests/unit/gateway_nthusa_spec.rb": {
        "lines": [
          null,
          null,
          1,
          1,
          null,
          1,
          1,
          3,
          null,
          null,
          1,
          3,
          null,
          null,
          1,
          1,
          3,
          null,
          null,
          null,
          null,
          1,
          1,
          1,
          1,
          null,
          null,
          1,
          1,
          1,
          1,
          5,
          null,
          null,
          null,
          1,
          1,
          5,
          5,
          5,
          null,
          null,
          null,
          null
        ]
      },
      "/root/Desktop/rubyhw/RoutePlanner/spec/tests/unit/gateway_youtube_spec.rb": {
        "lines": [
          null,
          null,
          1,
          1,
          null,
          1,
          1,
          3,
          null,
          null,
          1,
          3,
          null,
          null,
          1,
          1,
          3,
          null,
          null,
          null,
          null,
          1,
          1,
          1,
          1,
          null,
          null,
          1,
          1,
          1,
          1,
          5,
          null,
          null,
          null,
          1,
          1,
          5,
          5,
          5,
          null,
          null,
          null,
          null,
          null,
          null,
          null,
          null,
          null,
          null,
          null,
          null,
          null,
          null,
          null,
          null,
          null,
          null,
          null,
          null,
          null,
          null,
          null,
          null,
          null,
          null,
          null,
          null,
          null,
          null,
          null,
          null,
          null,
          null,
          null,
          null,
          null,
          null,
          null,
          null,
          null,
          null,
          null,
          null,
          null,
          null,
          null,
          null
        ]
      }
    },
    "timestamp": 1732158645
  }
}
